# JRE version: Java(TM) SE Runtime Environment (8.0_66-b18) (build 1.8.0_66-b18)
# Java VM: Java HotSpot(TM) 64-Bit Server VM (25.66-b18 mixed mode windows-amd64 compressed oops)
Heap:
 PSYoungGen      total 113152K, used 42254K [0x0000000780900000, 0x0000000788a00000, 0x00000007c0000000)
  eden space 99328K, 28% used [0x0000000780900000,0x00000007824c64a8,0x0000000786a00000)
  from space 13824K, 99% used [0x0000000787a00000,0x000000078877d720,0x0000000788780000)
  to   space 2560K, 0% used [0x0000000788780000,0x0000000788780000,0x0000000788a00000)
 ParOldGen       total 99840K, used 22051K [0x0000000701a00000, 0x0000000707b80000, 0x0000000780900000)
  object space 99840K, 22% used [0x0000000701a00000,0x0000000702f88dd8,0x0000000707b80000)
 Metaspace       used 85843K, capacity 94651K, committed 94848K, reserved 1132544K
  class space    used 12111K, capacity 12913K, committed 12928K, reserved 1048576K
GC Heap History (10 events):
Event: 23.058 GC heap before
{Heap before GC invocations=18 (full 4):
 PSYoungGen      total 104448K, used 10365K [0x0000000780900000, 0x0000000789a80000, 0x00000007c0000000)
  eden space 93184K, 0% used [0x0000000780900000,0x0000000780900000,0x0000000786400000)
  from space 11264K, 92% used [0x0000000788f80000,0x000000078999f708,0x0000000789a80000)
  to   space 10240K, 0% used [0x0000000786400000,0x0000000786400000,0x0000000786e00000)
 ParOldGen       total 99840K, used 14461K [0x0000000701a00000, 0x0000000707b80000, 0x0000000780900000)
  object space 99840K, 14% used [0x0000000701a00000,0x000000070281f5d0,0x0000000707b80000)
 Metaspace       used 74320K, capacity 79255K, committed 79360K, reserved 1122304K
  class space    used 10323K, capacity 10669K, committed 10752K, reserved 1048576K
Event: 23.241 GC heap after
Heap after GC invocations=18 (full 4):
 PSYoungGen      total 104448K, used 0K [0x0000000780900000, 0x0000000789a80000, 0x00000007c0000000)
  eden space 93184K, 0% used [0x0000000780900000,0x0000000780900000,0x0000000786400000)
  from space 11264K, 0% used [0x0000000788f80000,0x0000000788f80000,0x0000000789a80000)
  to   space 10240K, 0% used [0x0000000786400000,0x0000000786400000,0x0000000786e00000)
 ParOldGen       total 99840K, used 23274K [0x0000000701a00000, 0x0000000707b80000, 0x0000000780900000)
  object space 99840K, 23% used [0x0000000701a00000,0x00000007030ba850,0x0000000707b80000)
 Metaspace       used 74320K, capacity 79255K, committed 79360K, reserved 1120256K
  class space    used 10323K, capacity 10669K, committed 10752K, reserved 1048576K
}
Event: 23.241 GC heap before
{Heap before GC invocations=19 (full 4):
 PSYoungGen      total 104448K, used 0K [0x0000000780900000, 0x0000000789a80000, 0x00000007c0000000)
  eden space 93184K, 0% used [0x0000000780900000,0x0000000780900000,0x0000000786400000)
  from space 11264K, 0% used [0x0000000788f80000,0x0000000788f80000,0x0000000789a80000)
  to   space 10240K, 0% used [0x0000000786400000,0x0000000786400000,0x0000000786e00000)
 ParOldGen       total 99840K, used 23274K [0x0000000701a00000, 0x0000000707b80000, 0x0000000780900000)
  object space 99840K, 23% used [0x0000000701a00000,0x00000007030ba850,0x0000000707b80000)
 Metaspace       used 74320K, capacity 79255K, committed 79360K, reserved 1124352K
  class space    used 10323K, capacity 10669K, committed 10752K, reserved 1048576K
Event: 23.244 GC heap after
Heap after GC invocations=19 (full 4):
 PSYoungGen      total 103424K, used 0K [0x0000000780900000, 0x0000000789600000, 0x00000007c0000000)
  eden space 93184K, 0% used [0x0000000780900000,0x0000000780900000,0x0000000786400000)
  from space 10240K, 0% used [0x0000000786400000,0x0000000786400000,0x0000000786e00000)
  to   space 12800K, 0% used [0x0000000788980000,0x0000000788980000,0x0000000789600000)
 ParOldGen       total 99840K, used 23274K [0x0000000701a00000, 0x0000000707b80000, 0x0000000780900000)
  object space 99840K, 23% used [0x0000000701a00000,0x00000007030ba850,0x0000000707b80000)
 Metaspace       used 74320K, capacity 79255K, committed 79360K, reserved 1124352K
  class space    used 10323K, capacity 10669K, committed 10752K, reserved 1048576K
}
Event: 23.244 GC heap before
{Heap before GC invocations=20 (full 5):
 PSYoungGen      total 103424K, used 0K [0x0000000780900000, 0x0000000789600000, 0x00000007c0000000)
  eden space 93184K, 0% used [0x0000000780900000,0x0000000780900000,0x0000000786400000)
  from space 10240K, 0% used [0x0000000786400000,0x0000000786400000,0x0000000786e00000)
  to   space 12800K, 0% used [0x0000000788980000,0x0000000788980000,0x0000000789600000)
 ParOldGen       total 99840K, used 23274K [0x0000000701a00000, 0x0000000707b80000, 0x0000000780900000)
  object space 99840K, 23% used [0x0000000701a00000,0x00000007030ba850,0x0000000707b80000)
 Metaspace       used 74320K, capacity 79255K, committed 79360K, reserved 1124352K
  class space    used 10323K, capacity 10669K, committed 10752K, reserved 1048576K
Event: 23.390 GC heap after
Heap after GC invocations=20 (full 5):
 PSYoungGen      total 103424K, used 0K [0x0000000780900000, 0x0000000789600000, 0x00000007c0000000)
  eden space 93184K, 0% used [0x0000000780900000,0x0000000780900000,0x0000000786400000)
  from space 10240K, 0% used [0x0000000786400000,0x0000000786400000,0x0000000786e00000)
  to   space 12800K, 0% used [0x0000000788980000,0x0000000788980000,0x0000000789600000)
 ParOldGen       total 99840K, used 21750K [0x0000000701a00000, 0x0000000707b80000, 0x0000000780900000)
  object space 99840K, 21% used [0x0000000701a00000,0x0000000702f3d8b0,0x0000000707b80000)
 Metaspace       used 74271K, capacity 79177K, committed 79360K, reserved 1120256K
  class space    used 10312K, capacity 10648K, committed 10752K, reserved 1048576K
}
Event: 24.681 GC heap before
{Heap before GC invocations=21 (full 5):
 PSYoungGen      total 103424K, used 93184K [0x0000000780900000, 0x0000000789600000, 0x00000007c0000000)
  eden space 93184K, 100% used [0x0000000780900000,0x0000000786400000,0x0000000786400000)
  from space 10240K, 0% used [0x0000000786400000,0x0000000786400000,0x0000000786e00000)
  to   space 12800K, 0% used [0x0000000788980000,0x0000000788980000,0x0000000789600000)
 ParOldGen       total 99840K, used 21750K [0x0000000701a00000, 0x0000000707b80000, 0x0000000780900000)
  object space 99840K, 21% used [0x0000000701a00000,0x0000000702f3d8b0,0x0000000707b80000)
 Metaspace       used 79876K, capacity 86791K, committed 86912K, reserved 1126400K
  class space    used 11233K, capacity 11832K, committed 11904K, reserved 1048576K
Event: 24.698 GC heap after
Heap after GC invocations=21 (full 5):
 PSYoungGen      total 108544K, used 11630K [0x0000000780900000, 0x0000000789500000, 0x00000007c0000000)
  eden space 96768K, 0% used [0x0000000780900000,0x0000000780900000,0x0000000786780000)
  from space 11776K, 98% used [0x0000000788980000,0x00000007894dbb30,0x0000000789500000)
  to   space 13824K, 0% used [0x0000000787a00000,0x0000000787a00000,0x0000000788780000)
 ParOldGen       total 99840K, used 21758K [0x0000000701a00000, 0x0000000707b80000, 0x0000000780900000)
  object space 99840K, 21% used [0x0000000701a00000,0x0000000702f3f8b0,0x0000000707b80000)
 Metaspace       used 79876K, capacity 86791K, committed 86912K, reserved 1126400K
  class space    used 11233K, capacity 11832K, committed 11904K, reserved 1048576K
}
Event: 25.922 GC heap before
{Heap before GC invocations=22 (full 5):
 PSYoungGen      total 108544K, used 108398K [0x0000000780900000, 0x0000000789500000, 0x00000007c0000000)
  eden space 96768K, 100% used [0x0000000780900000,0x0000000786780000,0x0000000786780000)
  from space 11776K, 98% used [0x0000000788980000,0x00000007894dbb30,0x0000000789500000)
  to   space 13824K, 0% used [0x0000000787a00000,0x0000000787a00000,0x0000000788780000)
 ParOldGen       total 99840K, used 21758K [0x0000000701a00000, 0x0000000707b80000, 0x0000000780900000)
  object space 99840K, 21% used [0x0000000701a00000,0x0000000702f3f8b0,0x0000000707b80000)
 Metaspace       used 85086K, capacity 93745K, committed 94080K, reserved 1132544K
  class space    used 12004K, capacity 12813K, committed 12928K, reserved 1048576K
Event: 25.940 GC heap after
Heap after GC invocations=22 (full 5):
 PSYoungGen      total 113152K, used 13813K [0x0000000780900000, 0x0000000788a00000, 0x00000007c0000000)
  eden space 99328K, 0% used [0x0000000780900000,0x0000000780900000,0x0000000786a00000)
  from space 13824K, 99% used [0x0000000787a00000,0x000000078877d720,0x0000000788780000)
  to   space 2560K, 0% used [0x0000000788780000,0x0000000788780000,0x0000000788a00000)
 ParOldGen       total 99840K, used 22051K [0x0000000701a00000, 0x0000000707b80000, 0x0000000780900000)
  object space 99840K, 22% used [0x0000000701a00000,0x0000000702f88dd8,0x0000000707b80000)
 Metaspace       used 85086K, capacity 93745K, committed 94080K, reserved 1132544K
  class space    used 12004K, capacity 12813K, committed 12928K, reserved 1048576K
}

